<?xml version="1.0" encoding="UTF-8"?>
<!-- Generated by org.testng.reporters.JUnitXMLReporter -->
<testsuite hostname="RAJESH-PC" ignored="0" name="Test" tests="5" failures="1" timestamp="10 Aug 2019 09:48:41 GMT" time="21.627" errors="0">
  <testcase name="VerifyAppUrl_TC01" time="0.443" classname="com.vtiger.tests.LoginTest">
    <failure type="java.lang.AssertionError" message="expected [true] but found [false]">
      <![CDATA[java.lang.AssertionError: expected [true] but found [false]
	at com.vtiger.tests.LoginTest.VerifyAppUrl_TC01(LoginTest.java:49)
... Removed 31 stack frames]]>
    </failure>
  </testcase> <!-- VerifyAppUrl_TC01 -->
  <testcase name="VerifyInvalidLogin_TC03" time="1.344" classname="com.vtiger.tests.LoginTest"/>
  <testcase name="VerifyLogo_TC02" time="0.128" classname="com.vtiger.tests.LoginTest"/>
  <testcase name="VerifyvalidLogin_TC04" time="3.123" classname="com.vtiger.tests.LoginTest"/>
  <testcase name="VerifyLeadMadatory_TC06" time="5.688" classname="com.vtiger.tests.LeadTest"/>
</testsuite> <!-- Test -->
