<?xml version="1.0" encoding="UTF-8"?>
<testng-results skipped="0" failed="1" ignored="0" total="5" passed="4">
  <reporter-output>
  </reporter-output>
  <suite name="Default suite" duration-ms="115691" started-at="2019-09-07T07:08:40Z" finished-at="2019-09-07T07:10:36Z">
    <groups>
    </groups>
    <test name="Default test" duration-ms="115691" started-at="2019-09-07T07:08:40Z" finished-at="2019-09-07T07:10:36Z">
      <class name="com.vtiger.tests.LeadTest">
        <test-method status="PASS" signature="LaunchApplication()[pri:0, instance:com.vtiger.tests.LeadTest@14b1c02]" name="LaunchApplication" is-config="true" duration-ms="46157" started-at="2019-09-07T12:38:40Z" finished-at="2019-09-07T12:39:26Z">
          <reporter-output>
          </reporter-output>
        </test-method> <!-- LaunchApplication -->
        <test-method status="PASS" signature="VerifyLeadMadatory_TC06()[pri:0, instance:com.vtiger.tests.LeadTest@14b1c02]" name="VerifyLeadMadatory_TC06" duration-ms="46838" started-at="2019-09-07T12:39:26Z" finished-at="2019-09-07T12:40:13Z">
          <reporter-output>
          </reporter-output>
        </test-method> <!-- VerifyLeadMadatory_TC06 -->
        <test-method status="PASS" signature="closeApp()[pri:0, instance:com.vtiger.tests.LeadTest@14b1c02]" name="closeApp" is-config="true" duration-ms="981" started-at="2019-09-07T12:40:13Z" finished-at="2019-09-07T12:40:14Z">
          <reporter-output>
          </reporter-output>
        </test-method> <!-- closeApp -->
      </class> <!-- com.vtiger.tests.LeadTest -->
      <class name="com.vtiger.tests.LoginTest">
        <test-method status="PASS" signature="LaunchApplication()[pri:0, instance:com.vtiger.tests.LoginTest@93dd95]" name="LaunchApplication" is-config="true" duration-ms="8886" started-at="2019-09-07T12:40:14Z" finished-at="2019-09-07T12:40:23Z">
          <reporter-output>
          </reporter-output>
        </test-method> <!-- LaunchApplication -->
        <test-method status="FAIL" signature="VerifyAppUrl_TC01()[pri:0, instance:com.vtiger.tests.LoginTest@93dd95]" name="VerifyAppUrl_TC01" duration-ms="939" started-at="2019-09-07T12:40:23Z" finished-at="2019-09-07T12:40:24Z">
          <exception class="java.lang.AssertionError">
            <message>
              <![CDATA[expected [true] but found [false]]]>
            </message>
            <full-stacktrace>
              <![CDATA[java.lang.AssertionError: expected [true] but found [false]
	at org.testng.Assert.fail(Assert.java:93)
	at org.testng.Assert.failNotEquals(Assert.java:512)
	at org.testng.Assert.assertEqualsImpl(Assert.java:134)
	at org.testng.Assert.assertEquals(Assert.java:115)
	at org.testng.Assert.assertEquals(Assert.java:304)
	at org.testng.Assert.assertEquals(Assert.java:314)
	at com.vtiger.tests.LoginTest.VerifyAppUrl_TC01(LoginTest.java:49)
	at sun.reflect.NativeMethodAccessorImpl.invoke0(Native Method)
	at sun.reflect.NativeMethodAccessorImpl.invoke(Unknown Source)
	at sun.reflect.DelegatingMethodAccessorImpl.invoke(Unknown Source)
	at java.lang.reflect.Method.invoke(Unknown Source)
	at org.testng.internal.MethodInvocationHelper.invokeMethod(MethodInvocationHelper.java:108)
	at org.testng.internal.Invoker.invokeMethod(Invoker.java:661)
	at org.testng.internal.Invoker.invokeTestMethod(Invoker.java:869)
	at org.testng.internal.Invoker.invokeTestMethods(Invoker.java:1193)
	at org.testng.internal.TestMethodWorker.invokeTestMethods(TestMethodWorker.java:126)
	at org.testng.internal.TestMethodWorker.run(TestMethodWorker.java:109)
	at org.testng.TestRunner.privateRun(TestRunner.java:744)
	at org.testng.TestRunner.run(TestRunner.java:602)
	at org.testng.SuiteRunner.runTest(SuiteRunner.java:380)
	at org.testng.SuiteRunner.runSequentially(SuiteRunner.java:375)
	at org.testng.SuiteRunner.privateRun(SuiteRunner.java:340)
	at org.testng.SuiteRunner.run(SuiteRunner.java:289)
	at org.testng.SuiteRunnerWorker.runSuite(SuiteRunnerWorker.java:52)
	at org.testng.SuiteRunnerWorker.run(SuiteRunnerWorker.java:86)
	at org.testng.TestNG.runSuitesSequentially(TestNG.java:1301)
	at org.testng.TestNG.runSuitesLocally(TestNG.java:1226)
	at org.testng.TestNG.runSuites(TestNG.java:1144)
	at org.testng.TestNG.run(TestNG.java:1115)
	at org.testng.remote.AbstractRemoteTestNG.run(AbstractRemoteTestNG.java:132)
	at org.testng.remote.RemoteTestNG.initAndRun(RemoteTestNG.java:236)
	at org.testng.remote.RemoteTestNG.main(RemoteTestNG.java:81)
]]>
            </full-stacktrace>
          </exception> <!-- java.lang.AssertionError -->
          <reporter-output>
          </reporter-output>
        </test-method> <!-- VerifyAppUrl_TC01 -->
        <test-method status="PASS" signature="VerifyInvalidLogin_TC03()[pri:0, instance:com.vtiger.tests.LoginTest@93dd95]" name="VerifyInvalidLogin_TC03" duration-ms="1778" started-at="2019-09-07T12:40:24Z" finished-at="2019-09-07T12:40:26Z">
          <reporter-output>
          </reporter-output>
        </test-method> <!-- VerifyInvalidLogin_TC03 -->
        <test-method status="PASS" signature="VerifyLogo_TC02()[pri:0, instance:com.vtiger.tests.LoginTest@93dd95]" name="VerifyLogo_TC02" duration-ms="137" started-at="2019-09-07T12:40:26Z" finished-at="2019-09-07T12:40:26Z">
          <reporter-output>
          </reporter-output>
        </test-method> <!-- VerifyLogo_TC02 -->
        <test-method status="PASS" signature="VerifyvalidLogin_TC04()[pri:0, instance:com.vtiger.tests.LoginTest@93dd95]" name="VerifyvalidLogin_TC04" duration-ms="8967" started-at="2019-09-07T12:40:26Z" finished-at="2019-09-07T12:40:35Z">
          <reporter-output>
          </reporter-output>
        </test-method> <!-- VerifyvalidLogin_TC04 -->
        <test-method status="PASS" signature="closeApp()[pri:0, instance:com.vtiger.tests.LoginTest@93dd95]" name="closeApp" is-config="true" duration-ms="877" started-at="2019-09-07T12:40:35Z" finished-at="2019-09-07T12:40:36Z">
          <reporter-output>
          </reporter-output>
        </test-method> <!-- closeApp -->
      </class> <!-- com.vtiger.tests.LoginTest -->
    </test> <!-- Default test -->
  </suite> <!-- Default suite -->
</testng-results>
